<?xml version="1.0" encoding="UTF-8"?>
<testsuite xmlns:xsi="http://www.w3.org/2001/XMLSchema-instance" xsi:noNamespaceSchemaLocation="https://maven.apache.org/surefire/maven-surefire-plugin/xsd/surefire-test-report.xsd" name="JsonUtilsTest" time="0.692" tests="1" errors="0" skipped="0" failures="0">
  <properties>
    <property name="sun.desktop" value="windows"/>
    <property name="awt.toolkit" value="sun.awt.windows.WToolkit"/>
    <property name="file.encoding.pkg" value="sun.io"/>
    <property name="java.specification.version" value="1.8"/>
    <property name="sun.cpu.isalist" value="amd64"/>
    <property name="sun.jnu.encoding" value="GBK"/>
    <property name="java.class.path" value="E:\leyou\ly-common\target\test-classes;E:\leyou\ly-common\target\classes;F:\java\apache-maven-3.6.0\repository\org\apache\tomcat\embed\tomcat-embed-core\8.5.32\tomcat-embed-core-8.5.32.jar;F:\java\apache-maven-3.6.0\repository\org\apache\tomcat\tomcat-annotations-api\8.5.32\tomcat-annotations-api-8.5.32.jar;F:\java\apache-maven-3.6.0\repository\org\springframework\boot\spring-boot-starter-logging\2.0.4.RELEASE\spring-boot-starter-logging-2.0.4.RELEASE.jar;F:\java\apache-maven-3.6.0\repository\ch\qos\logback\logback-classic\1.2.3\logback-classic-1.2.3.jar;F:\java\apache-maven-3.6.0\repository\ch\qos\logback\logback-core\1.2.3\logback-core-1.2.3.jar;F:\java\apache-maven-3.6.0\repository\org\slf4j\slf4j-api\1.7.25\slf4j-api-1.7.25.jar;F:\java\apache-maven-3.6.0\repository\org\apache\logging\log4j\log4j-to-slf4j\2.10.0\log4j-to-slf4j-2.10.0.jar;F:\java\apache-maven-3.6.0\repository\org\apache\logging\log4j\log4j-api\2.10.0\log4j-api-2.10.0.jar;F:\java\apache-maven-3.6.0\repository\org\slf4j\jul-to-slf4j\1.7.25\jul-to-slf4j-1.7.25.jar;F:\java\apache-maven-3.6.0\repository\com\fasterxml\jackson\core\jackson-databind\2.9.6\jackson-databind-2.9.6.jar;F:\java\apache-maven-3.6.0\repository\com\fasterxml\jackson\core\jackson-annotations\2.9.0\jackson-annotations-2.9.0.jar;F:\java\apache-maven-3.6.0\repository\com\fasterxml\jackson\core\jackson-core\2.9.6\jackson-core-2.9.6.jar;F:\java\apache-maven-3.6.0\repository\org\jetbrains\annotations\13.0\annotations-13.0.jar;F:\java\apache-maven-3.6.0\repository\junit\junit\4.12\junit-4.12.jar;F:\java\apache-maven-3.6.0\repository\org\hamcrest\hamcrest-core\1.3\hamcrest-core-1.3.jar;F:\java\apache-maven-3.6.0\repository\org\apache\commons\commons-lang3\3.4\commons-lang3-3.4.jar;F:\java\apache-maven-3.6.0\repository\org\projectlombok\lombok\1.16.22\lombok-1.16.22.jar;"/>
    <property name="java.vm.vendor" value="Oracle Corporation"/>
    <property name="sun.arch.data.model" value="64"/>
    <property name="user.variant" value=""/>
    <property name="java.vendor.url" value="http://java.oracle.com/"/>
    <property name="user.timezone" value=""/>
    <property name="java.vm.specification.version" value="1.8"/>
    <property name="os.name" value="Windows 10"/>
    <property name="user.country" value="CN"/>
    <property name="sun.java.launcher" value="SUN_STANDARD"/>
    <property name="sun.boot.library.path" value="C:\Program Files\Java\jdk1.8.0_221\jre\bin"/>
    <property name="sun.java.command" value="C:\Users\ADMINI~1\AppData\Local\Temp\surefire1841058533054594250\surefirebooter6112905480865003128.jar C:\Users\Administrator\AppData\Local\Temp\surefire1841058533054594250 2020-04-28T15-34-28_185-jvmRun1 surefire7769914012209377532tmp surefire_07654627526699965068tmp"/>
    <property name="surefire.test.class.path" value="E:\leyou\ly-common\target\test-classes;E:\leyou\ly-common\target\classes;F:\java\apache-maven-3.6.0\repository\org\apache\tomcat\embed\tomcat-embed-core\8.5.32\tomcat-embed-core-8.5.32.jar;F:\java\apache-maven-3.6.0\repository\org\apache\tomcat\tomcat-annotations-api\8.5.32\tomcat-annotations-api-8.5.32.jar;F:\java\apache-maven-3.6.0\repository\org\springframework\boot\spring-boot-starter-logging\2.0.4.RELEASE\spring-boot-starter-logging-2.0.4.RELEASE.jar;F:\java\apache-maven-3.6.0\repository\ch\qos\logback\logback-classic\1.2.3\logback-classic-1.2.3.jar;F:\java\apache-maven-3.6.0\repository\ch\qos\logback\logback-core\1.2.3\logback-core-1.2.3.jar;F:\java\apache-maven-3.6.0\repository\org\slf4j\slf4j-api\1.7.25\slf4j-api-1.7.25.jar;F:\java\apache-maven-3.6.0\repository\org\apache\logging\log4j\log4j-to-slf4j\2.10.0\log4j-to-slf4j-2.10.0.jar;F:\java\apache-maven-3.6.0\repository\org\apache\logging\log4j\log4j-api\2.10.0\log4j-api-2.10.0.jar;F:\java\apache-maven-3.6.0\repository\org\slf4j\jul-to-slf4j\1.7.25\jul-to-slf4j-1.7.25.jar;F:\java\apache-maven-3.6.0\repository\com\fasterxml\jackson\core\jackson-databind\2.9.6\jackson-databind-2.9.6.jar;F:\java\apache-maven-3.6.0\repository\com\fasterxml\jackson\core\jackson-annotations\2.9.0\jackson-annotations-2.9.0.jar;F:\java\apache-maven-3.6.0\repository\com\fasterxml\jackson\core\jackson-core\2.9.6\jackson-core-2.9.6.jar;F:\java\apache-maven-3.6.0\repository\org\jetbrains\annotations\13.0\annotations-13.0.jar;F:\java\apache-maven-3.6.0\repository\junit\junit\4.12\junit-4.12.jar;F:\java\apache-maven-3.6.0\repository\org\hamcrest\hamcrest-core\1.3\hamcrest-core-1.3.jar;F:\java\apache-maven-3.6.0\repository\org\apache\commons\commons-lang3\3.4\commons-lang3-3.4.jar;F:\java\apache-maven-3.6.0\repository\org\projectlombok\lombok\1.16.22\lombok-1.16.22.jar;"/>
    <property name="sun.cpu.endian" value="little"/>
    <property name="user.home" value="C:\Users\Administrator"/>
    <property name="user.language" value="zh"/>
    <property name="java.specification.vendor" value="Oracle Corporation"/>
    <property name="java.home" value="C:\Program Files\Java\jdk1.8.0_221\jre"/>
    <property name="basedir" value="E:\leyou\ly-common"/>
    <property name="file.separator" value="\"/>
    <property name="line.separator" value="&#10;"/>
    <property name="java.vm.specification.vendor" value="Oracle Corporation"/>
    <property name="java.specification.name" value="Java Platform API Specification"/>
    <property name="java.awt.graphicsenv" value="sun.awt.Win32GraphicsEnvironment"/>
    <property name="surefire.real.class.path" value="C:\Users\ADMINI~1\AppData\Local\Temp\surefire1841058533054594250\surefirebooter6112905480865003128.jar"/>
    <property name="sun.boot.class.path" value="C:\Program Files\Java\jdk1.8.0_221\jre\lib\resources.jar;C:\Program Files\Java\jdk1.8.0_221\jre\lib\rt.jar;C:\Program Files\Java\jdk1.8.0_221\jre\lib\sunrsasign.jar;C:\Program Files\Java\jdk1.8.0_221\jre\lib\jsse.jar;C:\Program Files\Java\jdk1.8.0_221\jre\lib\jce.jar;C:\Program Files\Java\jdk1.8.0_221\jre\lib\charsets.jar;C:\Program Files\Java\jdk1.8.0_221\jre\lib\jfr.jar;C:\Program Files\Java\jdk1.8.0_221\jre\classes"/>
    <property name="user.script" value=""/>
    <property name="sun.management.compiler" value="HotSpot 64-Bit Tiered Compilers"/>
    <property name="java.runtime.version" value="1.8.0_221-b11"/>
    <property name="user.name" value="Administrator"/>
    <property name="path.separator" value=";"/>
    <property name="os.version" value="10.0"/>
    <property name="java.endorsed.dirs" value="C:\Program Files\Java\jdk1.8.0_221\jre\lib\endorsed"/>
    <property name="java.runtime.name" value="Java(TM) SE Runtime Environment"/>
    <property name="file.encoding" value="GBK"/>
    <property name="java.vm.name" value="Java HotSpot(TM) 64-Bit Server VM"/>
    <property name="localRepository" value="F:\java\apache-maven-3.6.0\repository"/>
    <property name="java.vendor.url.bug" value="http://bugreport.sun.com/bugreport/"/>
    <property name="java.io.tmpdir" value="C:\Users\ADMINI~1\AppData\Local\Temp\"/>
    <property name="java.version" value="1.8.0_221"/>
    <property name="user.dir" value="E:\leyou\ly-common"/>
    <property name="os.arch" value="amd64"/>
    <property name="java.vm.specification.name" value="Java Virtual Machine Specification"/>
    <property name="java.awt.printerjob" value="sun.awt.windows.WPrinterJob"/>
    <property name="sun.os.patch.level" value=""/>
    <property name="java.library.path" value="C:\Program Files\Java\jdk1.8.0_221\jre\bin;C:\WINDOWS\Sun\Java\bin;C:\WINDOWS\system32;C:\WINDOWS;C:\Program Files (x86)\Common Files\Oracle\Java\javapath;C:\WINDOWS\system32;C:\WINDOWS;C:\WINDOWS\System32\Wbem;C:\WINDOWS\System32\WindowsPowerShell\v1.0\;C:\WINDOWS\System32\OpenSSH\;%C:\Users\Administrator\AppData\Local\Programs\Python\Python37;C:\Program Files\Java\jdk1.8.0_221\bin;C:\Program Files\Java\jdk1.8.0_221\jre\bin;E:\apache-tomcat-9.0.22\bin;F:\mysql\mysql-5.7.22-winx64\bin;C:\ProgramData\mysql-8.0.17-winx64\bin;F:\java\apache-maven-3.6.0\bin;C:\Program Files (x86)\Vim\vim80;C:\Program Files\VisualSVN Server\bin;C:\Program Files\TortoiseSVN\bin;C:\Program Files\Docker\Docker\resources\bin;C:\ProgramData\DockerDesktop\version-bin;C:\Program Files\nodejs\;C:\Program Files\Git\cmd;C:\Users\Administrator\AppData\Local\Programs\Python\Python37\Scripts\;C:\Users\Administrator\AppData\Local\Programs\Python\Python37\;C:\Users\Administrator\AppData\Local\Microsoft\WindowsApps;C:\Program Files\JetBrains\PyCharm 2018.3.1\bin;;C:\Program Files\JetBrains\IntelliJ IDEA 2019.2\bin;;C:\Users\Administrator\AppData\Roaming\npm;;."/>
    <property name="java.vm.info" value="mixed mode"/>
    <property name="java.vendor" value="Oracle Corporation"/>
    <property name="java.vm.version" value="25.221-b11"/>
    <property name="idea.version2019.3" value="true"/>
    <property name="java.ext.dirs" value="C:\Program Files\Java\jdk1.8.0_221\jre\lib\ext;C:\WINDOWS\Sun\Java\lib\ext"/>
    <property name="sun.io.unicode.encoding" value="UnicodeLittle"/>
    <property name="maven.repo.local" value="F:\java\apache-maven-3.6.0\repository"/>
    <property name="java.class.version" value="52.0"/>
  </properties>
  <testcase name="serializeTest" classname="JsonUtilsTest" time="0.506"/>
</testsuite>